[debug] [2020-12-22T18:53:09.196Z] ----------------------------------------------------------------------
[debug] [2020-12-22T18:53:09.198Z] Command:       /Users/aaronxue/.nvm/versions/node/v12.9.1/bin/node /Users/aaronxue/.nvm/versions/node/v12.9.1/bin/firebase init
[debug] [2020-12-22T18:53:09.198Z] CLI Version:   9.1.0
[debug] [2020-12-22T18:53:09.199Z] Platform:      darwin
[debug] [2020-12-22T18:53:09.199Z] Node Version:  v12.9.1
[debug] [2020-12-22T18:53:09.199Z] Time:          Wed Dec 23 2020 02:53:09 GMT+0800 (Taipei Standard Time)
[debug] [2020-12-22T18:53:09.200Z] ----------------------------------------------------------------------
[debug] [2020-12-22T18:53:09.200Z] 
[debug] [2020-12-22T18:53:09.208Z] > command requires scopes: ["email","openid","https://www.googleapis.com/auth/cloudplatformprojects.readonly","https://www.googleapis.com/auth/firebase","https://www.googleapis.com/auth/cloud-platform"]
[debug] [2020-12-22T18:53:09.208Z] > authorizing via signed-in user
[info] 
     ######## #### ########  ######## ########     ###     ######  ########
     ##        ##  ##     ## ##       ##     ##  ##   ##  ##       ##
     ######    ##  ########  ######   ########  #########  ######  ######
     ##        ##  ##    ##  ##       ##     ## ##     ##       ## ##
     ##       #### ##     ## ######## ########  ##     ##  ######  ########

You're about to initialize a Firebase project in this directory:

  /Users/aaronxue/Developer/Vue/DBA/game-store

[info] 
=== Project Setup
[info] 
[info] First, let's associate this project directory with a Firebase project.
[info] You can create multiple project aliases by running firebase use --add, 
[info] but for now we'll just set up a default project.
[info] 
[debug] [2020-12-22T18:53:24.806Z] > refreshing access token with scopes: ["email","https://www.googleapis.com/auth/cloud-platform","https://www.googleapis.com/auth/cloudplatformprojects.readonly","https://www.googleapis.com/auth/firebase","openid"]
[debug] [2020-12-22T18:53:24.807Z] >>> HTTP REQUEST POST https://www.googleapis.com/oauth2/v3/token  
 <request body omitted>
[debug] [2020-12-22T18:53:24.956Z] <<< HTTP RESPONSE 400 {"date":"Tue, 22 Dec 2020 18:53:35 GMT","cache-control":"no-cache, no-store, max-age=0, must-revalidate","expires":"Mon, 01 Jan 1990 00:00:00 GMT","pragma":"no-cache","content-type":"application/json; charset=utf-8","vary":"X-Origin, Referer, Origin,Accept-Encoding","server":"scaffolding on HTTPServer2","x-xss-protection":"0","x-frame-options":"SAMEORIGIN","x-content-type-options":"nosniff","alt-svc":"h3-29=\":443\"; ma=2592000,h3-T051=\":443\"; ma=2592000,h3-Q050=\":443\"; ma=2592000,h3-Q046=\":443\"; ma=2592000,h3-Q043=\":443\"; ma=2592000,quic=\":443\"; ma=2592000; v=\"46,43\"","accept-ranges":"none","transfer-encoding":"chunked"}
[debug] [2020-12-22T18:53:24.957Z] >>> HTTP REQUEST GET https://firebase.googleapis.com/v1beta1/projects?pageSize=100  
 
[debug] [2020-12-22T18:53:25.365Z] <<< HTTP RESPONSE 401 {"www-authenticate":"Bearer realm=\"https://accounts.google.com/\", error=\"invalid_token\"","vary":"X-Origin, Referer, Origin,Accept-Encoding","content-type":"application/json; charset=UTF-8","date":"Tue, 22 Dec 2020 18:53:36 GMT","server":"ESF","cache-control":"private","x-xss-protection":"0","x-frame-options":"SAMEORIGIN","x-content-type-options":"nosniff","alt-svc":"h3-29=\":443\"; ma=2592000,h3-T051=\":443\"; ma=2592000,h3-Q050=\":443\"; ma=2592000,h3-Q046=\":443\"; ma=2592000,h3-Q043=\":443\"; ma=2592000,quic=\":443\"; ma=2592000; v=\"46,43\"","accept-ranges":"none","transfer-encoding":"chunked"}
[debug] [2020-12-22T18:53:25.366Z] <<< HTTP RESPONSE BODY {"error":{"code":401,"message":"Request had invalid authentication credentials. Expected OAuth 2 access token, login cookie or other valid authentication credential. See https://developers.google.com/identity/sign-in/web/devconsole-project.","status":"UNAUTHENTICATED"}}
[debug] [2020-12-22T18:53:25.366Z] HTTP Error: 401, Request had invalid authentication credentials. Expected OAuth 2 access token, login cookie or other valid authentication credential. See https://developers.google.com/identity/sign-in/web/devconsole-project.
[debug] [2020-12-22T18:53:25.472Z] FirebaseError: HTTP Error: 401, Request had invalid authentication credentials. Expected OAuth 2 access token, login cookie or other valid authentication credential. See https://developers.google.com/identity/sign-in/web/devconsole-project.
    at module.exports (/Users/aaronxue/.nvm/versions/node/v12.9.1/lib/node_modules/firebase-tools/lib/responseToError.js:38:12)
    at Request._callback (/Users/aaronxue/.nvm/versions/node/v12.9.1/lib/node_modules/firebase-tools/lib/api.js:41:35)
    at Request.self.callback (/Users/aaronxue/.nvm/versions/node/v12.9.1/lib/node_modules/firebase-tools/node_modules/request/request.js:185:22)
    at Request.emit (events.js:209:13)
    at Request.EventEmitter.emit (domain.js:476:20)
    at Request.<anonymous> (/Users/aaronxue/.nvm/versions/node/v12.9.1/lib/node_modules/firebase-tools/node_modules/request/request.js:1154:10)
    at Request.emit (events.js:209:13)
    at Request.EventEmitter.emit (domain.js:476:20)
    at IncomingMessage.<anonymous> (/Users/aaronxue/.nvm/versions/node/v12.9.1/lib/node_modules/firebase-tools/node_modules/request/request.js:1076:12)
    at Object.onceWrapper (events.js:297:20)
    at IncomingMessage.emit (events.js:214:15)
    at IncomingMessage.EventEmitter.emit (domain.js:476:20)
    at endReadableNT (_stream_readable.js:1178:12)
    at processTicksAndRejections (internal/process/task_queues.js:77:11)
[error] 
[error] Error: Failed to list Firebase projects. See firebase-debug.log for more info.
[debug] [2020-12-22T18:53:31.121Z] ----------------------------------------------------------------------
[debug] [2020-12-22T18:53:31.123Z] Command:       /Users/aaronxue/.nvm/versions/node/v12.9.1/bin/node /Users/aaronxue/.nvm/versions/node/v12.9.1/bin/firebase init
[debug] [2020-12-22T18:53:31.123Z] CLI Version:   9.1.0
[debug] [2020-12-22T18:53:31.123Z] Platform:      darwin
[debug] [2020-12-22T18:53:31.123Z] Node Version:  v12.9.1
[debug] [2020-12-22T18:53:31.124Z] Time:          Wed Dec 23 2020 02:53:31 GMT+0800 (Taipei Standard Time)
[debug] [2020-12-22T18:53:31.124Z] ----------------------------------------------------------------------
[debug] [2020-12-22T18:53:31.124Z] 
[debug] [2020-12-22T18:53:31.133Z] > command requires scopes: ["email","openid","https://www.googleapis.com/auth/cloudplatformprojects.readonly","https://www.googleapis.com/auth/firebase","https://www.googleapis.com/auth/cloud-platform"]
[debug] [2020-12-22T18:53:31.133Z] > authorizing via signed-in user
[info] 
     ######## #### ########  ######## ########     ###     ######  ########
     ##        ##  ##     ## ##       ##     ##  ##   ##  ##       ##
     ######    ##  ########  ######   ########  #########  ######  ######
     ##        ##  ##    ##  ##       ##     ## ##     ##       ## ##
     ##       #### ##     ## ######## ########  ##     ##  ######  ########

You're about to initialize a Firebase project in this directory:

  /Users/aaronxue/Developer/Vue/DBA/game-store

[info] 
=== Project Setup
[info] 
[info] First, let's associate this project directory with a Firebase project.
[info] You can create multiple project aliases by running firebase use --add, 
[info] but for now we'll just set up a default project.
[info] 
[info] i  If you want to create a project in a Google Cloud organization or folder, please use "firebase projects:create" instead, and return to this command when you've created the project. 
[debug] [2020-12-22T18:54:22.133Z] > refreshing access token with scopes: ["email","https://www.googleapis.com/auth/cloud-platform","https://www.googleapis.com/auth/cloudplatformprojects.readonly","https://www.googleapis.com/auth/firebase","openid"]
[debug] [2020-12-22T18:54:22.134Z] >>> HTTP REQUEST POST https://www.googleapis.com/oauth2/v3/token  
 <request body omitted>
[debug] [2020-12-22T18:54:22.408Z] <<< HTTP RESPONSE 400 {"date":"Tue, 22 Dec 2020 18:54:33 GMT","pragma":"no-cache","cache-control":"no-cache, no-store, max-age=0, must-revalidate","expires":"Mon, 01 Jan 1990 00:00:00 GMT","content-type":"application/json; charset=utf-8","vary":"X-Origin, Referer, Origin,Accept-Encoding","server":"scaffolding on HTTPServer2","x-xss-protection":"0","x-frame-options":"SAMEORIGIN","x-content-type-options":"nosniff","alt-svc":"h3-29=\":443\"; ma=2592000,h3-T051=\":443\"; ma=2592000,h3-Q050=\":443\"; ma=2592000,h3-Q046=\":443\"; ma=2592000,h3-Q043=\":443\"; ma=2592000,quic=\":443\"; ma=2592000; v=\"46,43\"","accept-ranges":"none","transfer-encoding":"chunked"}
[debug] [2020-12-22T18:54:22.409Z] >>> HTTP REQUEST POST https://cloudresourcemanager.googleapis.com/v1/projects  
 {"projectId":"game-store","name":"game-store"}
[debug] [2020-12-22T18:54:23.449Z] <<< HTTP RESPONSE 401 {"www-authenticate":"Bearer realm=\"https://accounts.google.com/\", error=\"invalid_token\"","vary":"X-Origin, Referer, Origin,Accept-Encoding","content-type":"application/json; charset=UTF-8","date":"Tue, 22 Dec 2020 18:54:34 GMT","server":"ESF","cache-control":"private","x-xss-protection":"0","x-frame-options":"SAMEORIGIN","x-content-type-options":"nosniff","server-timing":"gfet4t7; dur=761","alt-svc":"h3-29=\":443\"; ma=2592000,h3-T051=\":443\"; ma=2592000,h3-Q050=\":443\"; ma=2592000,h3-Q046=\":443\"; ma=2592000,h3-Q043=\":443\"; ma=2592000,quic=\":443\"; ma=2592000; v=\"46,43\"","accept-ranges":"none","transfer-encoding":"chunked"}
[debug] [2020-12-22T18:54:23.449Z] <<< HTTP RESPONSE BODY {"error":{"code":401,"message":"Request had invalid authentication credentials. Expected OAuth 2 access token, login cookie or other valid authentication credential. See https://developers.google.com/identity/sign-in/web/devconsole-project.","status":"UNAUTHENTICATED"}}
[debug] [2020-12-22T18:54:23.583Z] FirebaseError: HTTP Error: 401, Request had invalid authentication credentials. Expected OAuth 2 access token, login cookie or other valid authentication credential. See https://developers.google.com/identity/sign-in/web/devconsole-project.
    at module.exports (/Users/aaronxue/.nvm/versions/node/v12.9.1/lib/node_modules/firebase-tools/lib/responseToError.js:38:12)
    at Request._callback (/Users/aaronxue/.nvm/versions/node/v12.9.1/lib/node_modules/firebase-tools/lib/api.js:41:35)
    at Request.self.callback (/Users/aaronxue/.nvm/versions/node/v12.9.1/lib/node_modules/firebase-tools/node_modules/request/request.js:185:22)
    at Request.emit (events.js:209:13)
    at Request.EventEmitter.emit (domain.js:476:20)
    at Request.<anonymous> (/Users/aaronxue/.nvm/versions/node/v12.9.1/lib/node_modules/firebase-tools/node_modules/request/request.js:1154:10)
    at Request.emit (events.js:209:13)
    at Request.EventEmitter.emit (domain.js:476:20)
    at IncomingMessage.<anonymous> (/Users/aaronxue/.nvm/versions/node/v12.9.1/lib/node_modules/firebase-tools/node_modules/request/request.js:1076:12)
    at Object.onceWrapper (events.js:297:20)
    at IncomingMessage.emit (events.js:214:15)
    at IncomingMessage.EventEmitter.emit (domain.js:476:20)
    at endReadableNT (_stream_readable.js:1178:12)
    at processTicksAndRejections (internal/process/task_queues.js:77:11)
[error] 
[error] Error: Failed to create project. See firebase-debug.log for more info.
